<?xml version="1.0" encoding="UTF-8"?>
<coverage generated="1695307073279" clover="3.2.0">
  <project timestamp="1695307073279" name="All files">
    <metrics statements="7" coveredstatements="6" conditionals="1" coveredconditionals="1" methods="3" coveredmethods="3" elements="11" coveredelements="10" complexity="0" loc="7" ncloc="7" packages="1" files="1" classes="1"/>
    <file name="Utils.ts" path="/Users/macbook/Documents/ts-test/src/app/Utils.ts">
      <metrics statements="7" coveredstatements="6" conditionals="1" coveredconditionals="1" methods="3" coveredmethods="3"/>
      <line num="2" count="1" type="stmt"/>
      <line num="4" count="4" type="cond" truecount="1" falsecount="0"/>
      <line num="6" count="0" type="stmt"/>
      <line num="10" count="1" type="stmt"/>
      <line num="11" count="4" type="stmt"/>
      <line num="14" count="1" type="stmt"/>
      <line num="15" count="5" type="stmt"/>
    </file>
  </project>
</coverage>
