{"/Users/macbook/Documents/ts-test/src/app/Utils.ts": {"path":"/Users/macbook/Documents/ts-test/src/app/Utils.ts","statementMap":{"0":{"start":{"line":4,"column":8},"end":{"line":4,"column":54}},"1":{"start":{"line":4,"column":17},"end":{"line":4,"column":54}},"2":{"start":{"line":6,"column":8},"end":{"line":6,"column":null}},"3":{"start":{"line":2,"column":0},"end":{"line":2,"column":13}},"4":{"start":{"line":11,"column":4},"end":{"line":11,"column":null}},"5":{"start":{"line":10,"column":0},"end":{"line":10,"column":16}},"6":{"start":{"line":15,"column":4},"end":{"line":21,"column":null}},"7":{"start":{"line":14,"column":0},"end":{"line":14,"column":16}}},"fnMap":{"0":{"name":"(anonymous_0)","decl":{"start":{"line":3,"column":11},"end":{"line":3,"column":18}},"loc":{"start":{"line":3,"column":30},"end":{"line":7,"column":5}}},"1":{"name":"convertToUpper","decl":{"start":{"line":10,"column":16},"end":{"line":10,"column":30}},"loc":{"start":{"line":10,"column":44},"end":{"line":12,"column":1}}},"2":{"name":"getStringInfo","decl":{"start":{"line":14,"column":16},"end":{"line":14,"column":29}},"loc":{"start":{"line":14,"column":41},"end":{"line":22,"column":1}}}},"branchMap":{"0":{"loc":{"start":{"line":4,"column":8},"end":{"line":4,"column":54}},"type":"if","locations":[{"start":{"line":4,"column":8},"end":{"line":4,"column":54}}]}},"s":{"0":4,"1":4,"2":0,"3":1,"4":4,"5":1,"6":5,"7":1},"f":{"0":4,"1":4,"2":5},"b":{"0":[4]}}
}
